<?xml version="1.0" encoding="UTF-8"?>
<!-- Generated by org.testng.reporters.JUnitReportReporter -->
<testsuite hostname="LAPTOP-T4OCOS15" failures="0" tests="1" name="Tests.SeleniumTest" time="1.273" errors="0" timestamp="2022-09-11T15:15:18 EDT" skipped="0">
  <testcase classname="Tests.SeleniumTest" name="successOrderTest" time="1.273"/>
  <system-out/>
</testsuite> <!-- Tests.SeleniumTest -->
